<?xml version="1.0" encoding="UTF-8"?>
<!-- Generated by org.testng.reporters.JUnitReportReporter -->
<testsuite skipped="0" hostname="DESKTOP-NN5F7IB" name="com.OpenWealthMaptest.Test.ValidateInvalidcityName" tests="1" failures="0" timestamp="16 Apr 2019 11:08:45 GMT" time="39.365" errors="0">
  <testcase name="ValidateInvalidCityData" time="39.365" classname="com.OpenWealthMaptest.Test.ValidateInvalidcityName"/>
</testsuite> <!-- com.OpenWealthMaptest.Test.ValidateInvalidcityName -->
